<?xml version="1.0" encoding="UTF-8"?>
<!-- Generated by org.testng.reporters.JUnitReportReporter -->
<testsuite hostname="Nandha" failures="0" tests="2" name="files.StaticJson" time="3.171" errors="0" timestamp="2024-01-07T13:12:48 IST" skipped="0">
  <testcase classname="files.StaticJson" name="staticAddBookBy" time="0.634"/>
  <testcase classname="files.StaticJson" name="staticAddBook" time="2.537"/>
</testsuite> <!-- files.StaticJson -->
