<?xml version="1.0" encoding="UTF-8"?>
<!-- Generated by org.testng.reporters.JUnitReportReporter -->
<testsuite hostname="Nandha" failures="0" tests="6" name="files.DyanamicJson" time="13.696" errors="0" timestamp="2024-01-07T12:41:52 IST" skipped="0">
  <testcase classname="files.DyanamicJson" name="addBook" time="2.070"/>
  <testcase classname="files.DyanamicJson" name="addBook" time="3.709"/>
  <testcase classname="files.DyanamicJson" name="addBook" time="1.919"/>
  <testcase classname="files.DyanamicJson" name="staticAddBook" time="2.018"/>
  <testcase classname="files.DyanamicJson" name="staticAddBook" time="2.085"/>
  <testcase classname="files.DyanamicJson" name="staticAddBook" time="1.895"/>
</testsuite> <!-- files.DyanamicJson -->
