<?xml version="1.0" encoding="UTF-8"?>
<!-- Generated by org.testng.reporters.JUnitReportReporter -->
<testsuite hostname="Nandha" failures="0" tests="1" name="SumValidation" time="1.346" errors="0" timestamp="2024-01-07T09:52:05 IST" skipped="0">
  <testcase classname="SumValidation" name="sumOfCourses" time="1.346"/>
</testsuite> <!-- SumValidation -->
